<?xml version="1.0" encoding="UTF-8"?>
<testng-results skipped="0" failed="0" total="1" passed="1">
  <reporter-output>
  </reporter-output>
  <suite name="Default suite" duration-ms="17837" started-at="2019-06-19T03:30:17Z" finished-at="2019-06-19T03:30:34Z">
    <groups>
    </groups>
    <test name="Default test" duration-ms="17837" started-at="2019-06-19T03:30:17Z" finished-at="2019-06-19T03:30:34Z">
      <class name="testcases.UATSuite">
        <test-method status="PASS" signature="setUpReport()[pri:0, instance:testcases.UATSuite@b684286]" name="setUpReport" is-config="true" duration-ms="113" started-at="2019-06-18T20:30:16Z" finished-at="2019-06-18T20:30:17Z">
          <reporter-output>
          </reporter-output>
        </test-method> <!-- setUpReport -->
        <test-method status="PASS" signature="setupApplication()[pri:0, instance:testcases.UATSuite@b684286]" name="setupApplication" is-config="true" duration-ms="4635" started-at="2019-06-18T20:30:17Z" finished-at="2019-06-18T20:30:21Z">
          <reporter-output>
          </reporter-output>
        </test-method> <!-- setupApplication -->
        <test-method status="PASS" signature="UATSuite()[pri:0, instance:testcases.UATSuite@b684286]" name="UATSuite" duration-ms="13192" started-at="2019-06-18T20:30:21Z" finished-at="2019-06-18T20:30:34Z">
          <reporter-output>
          </reporter-output>
        </test-method> <!-- UATSuite -->
        <test-method status="PASS" signature="tearDownReport()[pri:0, instance:testcases.UATSuite@b684286]" name="tearDownReport" is-config="true" duration-ms="192" started-at="2019-06-18T20:30:34Z" finished-at="2019-06-18T20:30:35Z">
          <reporter-output>
          </reporter-output>
        </test-method> <!-- tearDownReport -->
      </class> <!-- testcases.UATSuite -->
    </test> <!-- Default test -->
  </suite> <!-- Default suite -->
</testng-results>
